<?xml version="1.0" encoding="UTF-8"?>
<!-- Generated by org.testng.reporters.JUnitXMLReporter -->
<testsuite ignored="0" hostname="DESKTOP-AT14V6R" failures="0" tests="6" name="Test3" time="0.044" errors="0" timestamp="2022-11-01T16:24:30 IST">
  <testcase classname="paralleltesting.TESTClass7" name="tc01" time="0.002"/>
  <testcase classname="paralleltesting.TESTClass7" name="tc02" time="0.001"/>
  <testcase classname="paralleltesting.TESTClass7" name="tc03" time="0.005"/>
  <testcase classname="paralleltesting.TESTClass8" name="tc01" time="0.002"/>
  <testcase classname="paralleltesting.TESTClass8" name="tc02" time="0.004"/>
  <testcase classname="paralleltesting.TESTClass8" name="tc03" time="0.001"/>
</testsuite> <!-- Test3 -->
