<?xml version="1.0" encoding="UTF-8"?>
<!-- Generated by org.testng.reporters.JUnitXMLReporter -->
<testsuite ignored="0" hostname="DESKTOP-AT14V6R" failures="0" tests="6" name="Test2" time="0.04" errors="0" timestamp="2022-11-01T16:24:30 IST">
  <testcase classname="paralleltesting.TESTClass5" name="tc01" time="0.004"/>
  <testcase classname="paralleltesting.TESTClass5" name="tc02" time="0.002"/>
  <testcase classname="paralleltesting.TESTClass5" name="tc03" time="0.002"/>
  <testcase classname="paralleltesting.TESTClass6" name="tc01" time="0.001"/>
  <testcase classname="paralleltesting.TESTClass6" name="tc02" time="0.002"/>
  <testcase classname="paralleltesting.TESTClass6" name="tc03" time="0.001"/>
</testsuite> <!-- Test2 -->
